<?xml version="1.0" encoding="UTF-8"?>
<testng-results ignored="1" total="7" passed="4" failed="1" skipped="1">
  <reporter-output>
  </reporter-output>
  <suite started-at="2021-09-03T19:50:10 IST" name="Default suite" finished-at="2021-09-03T19:50:10 IST" duration-ms="146">
    <groups>
      <group name="smoke">
        <method signature="day3.Weblogincarloan()[pri:0, instance:test.day3@7c711375]" name="Weblogincarloan" class="test.day3"/>
      </group> <!-- smoke -->
    </groups>
    <test started-at="2021-09-03T19:50:10 IST" name="Default test" finished-at="2021-09-03T19:50:10 IST" duration-ms="146">
      <class name="test.day3">
        <test-method is-config="true" signature="pre()[pri:0, instance:test.day3@7c711375]" started-at="2021-09-03T19:50:10 IST" name="pre" finished-at="2021-09-03T19:50:10 IST" duration-ms="12" status="PASS">
          <reporter-output>
          </reporter-output>
        </test-method> <!-- pre -->
        <test-method signature="Mobilelogincarloan(java.lang.String,java.lang.String)[pri:0, instance:test.day3@7c711375]" started-at="2021-09-03T19:50:10 IST" name="Mobilelogincarloan" data-provider="getdata" finished-at="2021-09-03T19:50:10 IST" duration-ms="8" status="PASS">
          <params>
            <param index="0">
              <value>
                <![CDATA[name1]]>
              </value>
            </param>
            <param index="1">
              <value>
                <![CDATA[password1]]>
              </value>
            </param>
          </params>
          <reporter-output>
          </reporter-output>
        </test-method> <!-- Mobilelogincarloan -->
        <test-method signature="Mobilelogincarloan(java.lang.String,java.lang.String)[pri:0, instance:test.day3@7c711375]" started-at="2021-09-03T19:50:10 IST" name="Mobilelogincarloan" data-provider="getdata" finished-at="2021-09-03T19:50:10 IST" duration-ms="4" status="PASS">
          <params>
            <param index="0">
              <value>
                <![CDATA[name2]]>
              </value>
            </param>
            <param index="1">
              <value>
                <![CDATA[password2]]>
              </value>
            </param>
          </params>
          <reporter-output>
          </reporter-output>
        </test-method> <!-- Mobilelogincarloan -->
        <test-method signature="Mobilelogincarloan(java.lang.String,java.lang.String)[pri:0, instance:test.day3@7c711375]" started-at="2021-09-03T19:50:10 IST" name="Mobilelogincarloan" data-provider="getdata" finished-at="2021-09-03T19:50:10 IST" duration-ms="4" status="PASS">
          <params>
            <param index="0">
              <value>
                <![CDATA[name3]]>
              </value>
            </param>
            <param index="1">
              <value>
                <![CDATA[password3]]>
              </value>
            </param>
          </params>
          <reporter-output>
          </reporter-output>
        </test-method> <!-- Mobilelogincarloan -->
        <test-method signature="Mobilesignupcarloan(java.lang.String)[pri:0, instance:test.day3@7c711375]" started-at="2021-09-03T19:50:10 IST" name="Mobilesignupcarloan" finished-at="2021-09-03T19:50:10 IST" duration-ms="0" status="FAIL">
          <exception class="org.testng.TestNGException">
            <message>
              <![CDATA[
Parameter 'URL' is required by @Test on method Mobilesignupcarloan but has not been marked @Optional or defined
in C:\Users\ABHIJOT KAUR\AppData\Local\Temp\testng-eclipse-1815186791\testng-customsuite.xml]]>
            </message>
            <full-stacktrace>
              <![CDATA[org.testng.TestNGException: 
Parameter 'URL' is required by @Test on method Mobilesignupcarloan but has not been marked @Optional or defined
in C:\Users\ABHIJOT KAUR\AppData\Local\Temp\testng-eclipse-1815186791\testng-customsuite.xml
at org.testng.internal.Parameters.createParams(Parameters.java:270)
at org.testng.internal.Parameters.createParametersForMethod(Parameters.java:358)
at org.testng.internal.Parameters.createParameters(Parameters.java:700)
at org.testng.internal.Parameters.handleParameters(Parameters.java:884)
at org.testng.internal.Parameters.handleParameters(Parameters.java:740)
at org.testng.internal.ParameterHandler.handleParameters(ParameterHandler.java:59)
at org.testng.internal.ParameterHandler.createParameters(ParameterHandler.java:38)
at org.testng.internal.TestInvoker$MethodInvocationAgent.invoke(TestInvoker.java:791)
at org.testng.internal.TestInvoker.invokeTestMethods(TestInvoker.java:146)
at org.testng.internal.TestMethodWorker.invokeTestMethods(TestMethodWorker.java:146)
at org.testng.internal.TestMethodWorker.run(TestMethodWorker.java:128)
at java.base/java.util.ArrayList.forEach(ArrayList.java:1511)
at org.testng.TestRunner.privateRun(TestRunner.java:794)
at org.testng.TestRunner.run(TestRunner.java:596)
at org.testng.SuiteRunner.runTest(SuiteRunner.java:377)
at org.testng.SuiteRunner.runSequentially(SuiteRunner.java:371)
at org.testng.SuiteRunner.privateRun(SuiteRunner.java:332)
at org.testng.SuiteRunner.run(SuiteRunner.java:276)
at org.testng.SuiteRunnerWorker.runSuite(SuiteRunnerWorker.java:53)
at org.testng.SuiteRunnerWorker.run(SuiteRunnerWorker.java:96)
at org.testng.TestNG.runSuitesSequentially(TestNG.java:1212)
at org.testng.TestNG.runSuitesLocally(TestNG.java:1134)
at org.testng.TestNG.runSuites(TestNG.java:1063)
at org.testng.TestNG.run(TestNG.java:1031)
at org.testng.remote.AbstractRemoteTestNG.run(AbstractRemoteTestNG.java:115)
at org.testng.remote.RemoteTestNG.initAndRun(RemoteTestNG.java:251)
at org.testng.remote.RemoteTestNG.main(RemoteTestNG.java:77)
]]>
            </full-stacktrace>
          </exception> <!-- org.testng.TestNGException -->
          <reporter-output>
          </reporter-output>
        </test-method> <!-- Mobilesignupcarloan -->
        <test-method signature="Weblogincarloan()[pri:0, instance:test.day3@7c711375]" started-at="2021-09-03T19:50:10 IST" name="Weblogincarloan" finished-at="2021-09-03T19:50:10 IST" duration-ms="2" status="PASS">
          <reporter-output>
          </reporter-output>
        </test-method> <!-- Weblogincarloan -->
        <test-method signature="LoginAPIcarloan()[pri:0, instance:test.day3@7c711375]" started-at="2021-09-03T19:50:10 IST" name="LoginAPIcarloan" finished-at="2021-09-03T19:50:10 IST" depends-on-methods="test.day3.Mobilesignupcarloan, test.day3.Mobilelogincarloan" duration-ms="0" status="SKIP">
          <exception class="java.lang.Throwable">
            <message>
              <![CDATA[Method day3.LoginAPIcarloan()[pri:0, instance:test.day3@7c711375] depends on not successfully finished methods]]>
            </message>
            <full-stacktrace>
              <![CDATA[java.lang.Throwable: Method day3.LoginAPIcarloan()[pri:0, instance:test.day3@7c711375] depends on not successfully finished methods
at org.testng.internal.TestInvoker.invokeTestMethods(TestInvoker.java:102)
at org.testng.internal.TestMethodWorker.invokeTestMethods(TestMethodWorker.java:146)
at org.testng.internal.TestMethodWorker.run(TestMethodWorker.java:128)
at java.base/java.util.ArrayList.forEach(ArrayList.java:1511)
at org.testng.TestRunner.privateRun(TestRunner.java:794)
at org.testng.TestRunner.run(TestRunner.java:596)
at org.testng.SuiteRunner.runTest(SuiteRunner.java:377)
at org.testng.SuiteRunner.runSequentially(SuiteRunner.java:371)
at org.testng.SuiteRunner.privateRun(SuiteRunner.java:332)
at org.testng.SuiteRunner.run(SuiteRunner.java:276)
at org.testng.SuiteRunnerWorker.runSuite(SuiteRunnerWorker.java:53)
at org.testng.SuiteRunnerWorker.run(SuiteRunnerWorker.java:96)
at org.testng.TestNG.runSuitesSequentially(TestNG.java:1212)
at org.testng.TestNG.runSuitesLocally(TestNG.java:1134)
at org.testng.TestNG.runSuites(TestNG.java:1063)
at org.testng.TestNG.run(TestNG.java:1031)
at org.testng.remote.AbstractRemoteTestNG.run(AbstractRemoteTestNG.java:115)
at org.testng.remote.RemoteTestNG.initAndRun(RemoteTestNG.java:251)
at org.testng.remote.RemoteTestNG.main(RemoteTestNG.java:77)
]]>
            </full-stacktrace>
          </exception> <!-- java.lang.Throwable -->
          <reporter-output>
          </reporter-output>
        </test-method> <!-- LoginAPIcarloan -->
      </class> <!-- test.day3 -->
    </test> <!-- Default test -->
  </suite> <!-- Default suite -->
</testng-results>
