<?xml version="1.0" encoding="UTF-8"?>
<!-- Generated by org.testng.reporters.JUnitXMLReporter -->
<testsuite hostname="DESKTOP-TO9852C" failures="0" tests="6" name="Car loan" time="0.085" errors="0" timestamp="23 Aug 2021 19:12:33 GMT">
  <testcase classname="test.day3" name="Mobilelogincarloan" time="0.014"/>
  <testcase classname="test.day3" name="Mobilelogincarloan" time="0.002"/>
  <testcase classname="test.day3" name="Mobilelogincarloan" time="0.007"/>
  <testcase classname="test.day3" name="Mobilesignupcarloan" time="0.003"/>
  <testcase classname="test.day3" name="Weblogincarloan" time="0.007"/>
  <testcase classname="test.day3" name="LoginAPIcarloan" time="0.002"/>
</testsuite> <!-- Car loan -->
