<?xml version="1.0" encoding="UTF-8"?>
<!-- Generated by org.testng.reporters.JUnitXMLReporter -->
<testsuite hostname="DESKTOP-TO9852C" failures="0" tests="6" name="Personal loan" time="0.088" errors="0" timestamp="22 Aug 2021 12:19:52 GMT">
  <testcase classname="test.day1" name="demo" time="0.017"/>
  <testcase classname="test.day1" name="demo2" time="0.005"/>
  <testcase classname="test.day2" name="demo" time="0.003"/>
  <testcase classname="test.day4" name="LoginAPIhomeloan" time="0.003"/>
  <testcase classname="test.day4" name="Mobileloginhomeloan" time="0.003"/>
  <testcase classname="test.day4" name="Webloginhomeloan" time="0.003"/>
</testsuite> <!-- Personal loan -->
